1678898183.539466 client started (32466): version 3.3a, socket /tmp/tmux-1000/default, protocol 8
1678898183.539501 on Linux 5.15.0-67-generic #74-Ubuntu SMP Wed Feb 22 14:14:39 UTC 2023
1678898183.539510 using libevent 2.1.12-stable (poll); ncurses 6.4
1678898183.539542 flags are 0x18010000
1678898183.539549 socket is /tmp/tmux-1000/default
1678898183.539563 trying connect
1678898183.539584 connect failed: No such file or directory
1678898183.539598 lock file is /tmp/tmux-1000/default.lock
1678898183.539622 flock succeeded
1678898183.539626 got lock (6)
1678898183.539633 trying connect
1678898183.539641 connect failed: No such file or directory
1678898183.539909 add peer 0x56436badf400: 7 ((nil))
1678898183.543022 sending message 100 to peer 0x56436badf400 (4 bytes)
1678898183.543048 sending message 111 to peer 0x56436badf400 (8 bytes)
1678898183.543054 sending message 101 to peer 0x56436badf400 (15 bytes)
1678898183.543059 sending message 109 to peer 0x56436badf400 (4 bytes)
1678898183.543065 sending message 102 to peer 0x56436badf400 (11 bytes)
1678898183.543071 sending message 108 to peer 0x56436badf400 (29 bytes)
1678898183.543077 sending message 112 to peer 0x56436badf400 (58 bytes)
1678898183.543083 sending message 112 to peer 0x56436badf400 (5 bytes)
1678898183.543088 sending message 112 to peer 0x56436badf400 (5 bytes)
1678898183.543093 sending message 112 to peer 0x56436badf400 (6 bytes)
1678898183.543098 sending message 112 to peer 0x56436badf400 (6 bytes)
1678898183.543104 sending message 112 to peer 0x56436badf400 (11 bytes)
1678898183.543110 sending message 112 to peer 0x56436badf400 (10 bytes)
1678898183.543115 sending message 112 to peer 0x56436badf400 (13 bytes)
1678898183.543120 sending message 112 to peer 0x56436badf400 (14 bytes)
1678898183.543126 sending message 112 to peer 0x56436badf400 (19 bytes)
1678898183.543131 sending message 112 to peer 0x56436badf400 (11 bytes)
1678898183.543137 sending message 112 to peer 0x56436badf400 (10 bytes)
1678898183.543142 sending message 112 to peer 0x56436badf400 (15 bytes)
1678898183.543148 sending message 112 to peer 0x56436badf400 (21 bytes)
1678898183.543153 sending message 112 to peer 0x56436badf400 (13 bytes)
1678898183.543159 sending message 112 to peer 0x56436badf400 (7 bytes)
1678898183.543164 sending message 112 to peer 0x56436badf400 (13 bytes)
1678898183.543169 sending message 112 to peer 0x56436badf400 (7 bytes)
1678898183.543174 sending message 112 to peer 0x56436badf400 (13 bytes)
1678898183.543180 sending message 112 to peer 0x56436badf400 (9 bytes)
1678898183.543185 sending message 112 to peer 0x56436badf400 (21 bytes)
1678898183.543191 sending message 112 to peer 0x56436badf400 (13 bytes)
1678898183.543196 sending message 112 to peer 0x56436badf400 (9 bytes)
1678898183.543202 sending message 112 to peer 0x56436badf400 (16 bytes)
1678898183.543208 sending message 112 to peer 0x56436badf400 (13 bytes)
1678898183.543213 sending message 112 to peer 0x56436badf400 (9 bytes)
1678898183.543218 sending message 112 to peer 0x56436badf400 (9 bytes)
1678898183.543225 sending message 112 to peer 0x56436badf400 (12 bytes)
1678898183.543231 sending message 112 to peer 0x56436badf400 (8 bytes)
1678898183.543236 sending message 112 to peer 0x56436badf400 (8 bytes)
1678898183.543241 sending message 112 to peer 0x56436badf400 (13 bytes)
1678898183.543247 sending message 112 to peer 0x56436badf400 (7 bytes)
1678898183.543252 sending message 112 to peer 0x56436badf400 (7 bytes)
1678898183.543257 sending message 112 to peer 0x56436badf400 (9 bytes)
1678898183.543262 sending message 112 to peer 0x56436badf400 (9 bytes)
1678898183.543268 sending message 112 to peer 0x56436badf400 (15 bytes)
1678898183.543273 sending message 112 to peer 0x56436badf400 (13 bytes)
1678898183.543278 sending message 112 to peer 0x56436badf400 (12 bytes)
1678898183.543284 sending message 112 to peer 0x56436badf400 (8 bytes)
1678898183.543289 sending message 112 to peer 0x56436badf400 (14 bytes)
1678898183.543294 sending message 112 to peer 0x56436badf400 (11 bytes)
1678898183.543300 sending message 112 to peer 0x56436badf400 (9 bytes)
1678898183.543316 sending message 112 to peer 0x56436badf400 (10 bytes)
1678898183.543322 sending message 112 to peer 0x56436badf400 (10 bytes)
1678898183.543327 sending message 112 to peer 0x56436badf400 (10 bytes)
1678898183.543332 sending message 112 to peer 0x56436badf400 (10 bytes)
1678898183.543337 sending message 112 to peer 0x56436badf400 (11 bytes)
1678898183.543342 sending message 112 to peer 0x56436badf400 (12 bytes)
1678898183.543347 sending message 112 to peer 0x56436badf400 (12 bytes)
1678898183.543353 sending message 112 to peer 0x56436badf400 (12 bytes)
1678898183.543358 sending message 112 to peer 0x56436badf400 (12 bytes)
1678898183.543364 sending message 112 to peer 0x56436badf400 (12 bytes)
1678898183.543369 sending message 112 to peer 0x56436badf400 (11 bytes)
1678898183.543374 sending message 112 to peer 0x56436badf400 (11 bytes)
1678898183.543380 sending message 112 to peer 0x56436badf400 (12 bytes)
1678898183.543385 sending message 112 to peer 0x56436badf400 (12 bytes)
1678898183.543390 sending message 112 to peer 0x56436badf400 (12 bytes)
1678898183.543395 sending message 112 to peer 0x56436badf400 (12 bytes)
1678898183.543400 sending message 112 to peer 0x56436badf400 (12 bytes)
1678898183.543405 sending message 112 to peer 0x56436badf400 (9 bytes)
1678898183.543410 sending message 112 to peer 0x56436badf400 (12 bytes)
1678898183.543415 sending message 112 to peer 0x56436badf400 (13 bytes)
1678898183.543420 sending message 112 to peer 0x56436badf400 (13 bytes)
1678898183.543426 sending message 112 to peer 0x56436badf400 (13 bytes)
1678898183.543431 sending message 112 to peer 0x56436badf400 (13 bytes)
1678898183.543436 sending message 112 to peer 0x56436badf400 (13 bytes)
1678898183.543441 sending message 112 to peer 0x56436badf400 (8 bytes)
1678898183.543447 sending message 112 to peer 0x56436badf400 (11 bytes)
1678898183.543452 sending message 112 to peer 0x56436badf400 (11 bytes)
1678898183.543458 sending message 112 to peer 0x56436badf400 (11 bytes)
1678898183.543463 sending message 112 to peer 0x56436badf400 (12 bytes)
1678898183.543468 sending message 112 to peer 0x56436badf400 (12 bytes)
1678898183.543473 sending message 112 to peer 0x56436badf400 (12 bytes)
1678898183.543478 sending message 112 to peer 0x56436badf400 (12 bytes)
1678898183.543483 sending message 112 to peer 0x56436badf400 (13 bytes)
1678898183.543488 sending message 112 to peer 0x56436badf400 (13 bytes)
1678898183.543494 sending message 112 to peer 0x56436badf400 (13 bytes)
1678898183.543499 sending message 112 to peer 0x56436badf400 (8 bytes)
1678898183.543504 sending message 112 to peer 0x56436badf400 (13 bytes)
1678898183.543509 sending message 112 to peer 0x56436badf400 (13 bytes)
1678898183.543514 sending message 112 to peer 0x56436badf400 (13 bytes)
1678898183.543519 sending message 112 to peer 0x56436badf400 (13 bytes)
1678898183.543525 sending message 112 to peer 0x56436badf400 (13 bytes)
1678898183.543530 sending message 112 to peer 0x56436badf400 (12 bytes)
1678898183.543536 sending message 112 to peer 0x56436badf400 (12 bytes)
1678898183.543541 sending message 112 to peer 0x56436badf400 (12 bytes)
1678898183.543545 sending message 112 to peer 0x56436badf400 (12 bytes)
1678898183.543551 sending message 112 to peer 0x56436badf400 (13 bytes)
1678898183.543556 sending message 112 to peer 0x56436badf400 (8 bytes)
1678898183.543561 sending message 112 to peer 0x56436badf400 (13 bytes)
1678898183.543567 sending message 112 to peer 0x56436badf400 (13 bytes)
1678898183.543572 sending message 112 to peer 0x56436badf400 (13 bytes)
1678898183.543577 sending message 112 to peer 0x56436badf400 (13 bytes)
1678898183.543582 sending message 112 to peer 0x56436badf400 (13 bytes)
1678898183.543587 sending message 112 to peer 0x56436badf400 (13 bytes)
1678898183.543592 sending message 112 to peer 0x56436badf400 (13 bytes)
1678898183.543598 sending message 112 to peer 0x56436badf400 (12 bytes)
1678898183.543603 sending message 112 to peer 0x56436badf400 (12 bytes)
1678898183.543608 sending message 112 to peer 0x56436badf400 (12 bytes)
1678898183.543619 sending message 112 to peer 0x56436badf400 (8 bytes)
1678898183.543624 sending message 112 to peer 0x56436badf400 (12 bytes)
1678898183.543629 sending message 112 to peer 0x56436badf400 (13 bytes)
1678898183.543634 sending message 112 to peer 0x56436badf400 (13 bytes)
1678898183.543639 sending message 112 to peer 0x56436badf400 (13 bytes)
1678898183.543644 sending message 112 to peer 0x56436badf400 (13 bytes)
1678898183.543649 sending message 112 to peer 0x56436badf400 (13 bytes)
1678898183.543655 sending message 112 to peer 0x56436badf400 (13 bytes)
1678898183.543660 sending message 112 to peer 0x56436badf400 (13 bytes)
1678898183.543665 sending message 112 to peer 0x56436badf400 (13 bytes)
1678898183.543670 sending message 112 to peer 0x56436badf400 (12 bytes)
1678898183.543675 sending message 112 to peer 0x56436badf400 (10 bytes)
1678898183.543680 sending message 112 to peer 0x56436badf400 (12 bytes)
1678898183.543685 sending message 112 to peer 0x56436badf400 (12 bytes)
1678898183.543691 sending message 112 to peer 0x56436badf400 (12 bytes)
1678898183.543696 sending message 112 to peer 0x56436badf400 (13 bytes)
1678898183.543701 sending message 112 to peer 0x56436badf400 (13 bytes)
1678898183.543706 sending message 112 to peer 0x56436badf400 (13 bytes)
1678898183.543711 sending message 112 to peer 0x56436badf400 (13 bytes)
1678898183.543716 sending message 112 to peer 0x56436badf400 (13 bytes)
1678898183.543722 sending message 112 to peer 0x56436badf400 (13 bytes)
1678898183.543727 sending message 112 to peer 0x56436badf400 (13 bytes)
1678898183.543732 sending message 112 to peer 0x56436badf400 (10 bytes)
1678898183.543737 sending message 112 to peer 0x56436badf400 (13 bytes)
1678898183.543742 sending message 112 to peer 0x56436badf400 (12 bytes)
1678898183.543747 sending message 112 to peer 0x56436badf400 (12 bytes)
1678898183.543753 sending message 112 to peer 0x56436badf400 (12 bytes)
1678898183.543758 sending message 112 to peer 0x56436badf400 (10 bytes)
1678898183.543763 sending message 112 to peer 0x56436badf400 (10 bytes)
1678898183.543768 sending message 112 to peer 0x56436badf400 (10 bytes)
1678898183.543774 sending message 112 to peer 0x56436badf400 (12 bytes)
1678898183.543779 sending message 112 to peer 0x56436badf400 (13 bytes)
1678898183.543784 sending message 112 to peer 0x56436badf400 (13 bytes)
1678898183.543789 sending message 112 to peer 0x56436badf400 (13 bytes)
1678898183.543794 sending message 112 to peer 0x56436badf400 (13 bytes)
1678898183.543800 sending message 112 to peer 0x56436badf400 (13 bytes)
1678898183.543805 sending message 112 to peer 0x56436badf400 (10 bytes)
1678898183.543810 sending message 112 to peer 0x56436badf400 (11 bytes)
1678898183.543815 sending message 112 to peer 0x56436badf400 (12 bytes)
1678898183.543821 sending message 112 to peer 0x56436badf400 (12 bytes)
1678898183.543826 sending message 112 to peer 0x56436badf400 (12 bytes)
1678898183.543832 sending message 112 to peer 0x56436badf400 (12 bytes)
1678898183.543837 sending message 112 to peer 0x56436badf400 (12 bytes)
1678898183.543843 sending message 112 to peer 0x56436badf400 (11 bytes)
1678898183.543848 sending message 112 to peer 0x56436badf400 (12 bytes)
1678898183.543853 sending message 112 to peer 0x56436badf400 (12 bytes)
1678898183.543858 sending message 112 to peer 0x56436badf400 (13 bytes)
1678898183.543863 sending message 112 to peer 0x56436badf400 (13 bytes)
1678898183.543868 sending message 112 to peer 0x56436badf400 (13 bytes)
1678898183.543873 sending message 112 to peer 0x56436badf400 (13 bytes)
1678898183.543878 sending message 112 to peer 0x56436badf400 (13 bytes)
1678898183.543883 sending message 112 to peer 0x56436badf400 (10 bytes)
1678898183.543889 sending message 112 to peer 0x56436badf400 (9 bytes)
1678898183.543894 sending message 112 to peer 0x56436badf400 (12 bytes)
1678898183.543898 sending message 112 to peer 0x56436badf400 (13 bytes)
1678898183.543905 sending message 112 to peer 0x56436badf400 (13 bytes)
1678898183.543910 sending message 112 to peer 0x56436badf400 (13 bytes)
1678898183.543923 sending message 112 to peer 0x56436badf400 (13 bytes)
1678898183.543928 sending message 112 to peer 0x56436badf400 (13 bytes)
1678898183.543933 sending message 112 to peer 0x56436badf400 (9 bytes)
1678898183.543938 sending message 112 to peer 0x56436badf400 (12 bytes)
1678898183.543944 sending message 112 to peer 0x56436badf400 (13 bytes)
1678898183.543949 sending message 112 to peer 0x56436badf400 (13 bytes)
1678898183.543955 sending message 112 to peer 0x56436badf400 (13 bytes)
1678898183.543959 sending message 112 to peer 0x56436badf400 (13 bytes)
1678898183.543965 sending message 112 to peer 0x56436badf400 (13 bytes)
1678898183.543970 sending message 112 to peer 0x56436badf400 (11 bytes)
1678898183.543975 sending message 112 to peer 0x56436badf400 (12 bytes)
1678898183.543979 sending message 112 to peer 0x56436badf400 (13 bytes)
1678898183.543985 sending message 112 to peer 0x56436badf400 (13 bytes)
1678898183.543990 sending message 112 to peer 0x56436badf400 (13 bytes)
1678898183.543995 sending message 112 to peer 0x56436badf400 (13 bytes)
1678898183.544000 sending message 112 to peer 0x56436badf400 (13 bytes)
1678898183.544005 sending message 112 to peer 0x56436badf400 (11 bytes)
1678898183.544010 sending message 112 to peer 0x56436badf400 (12 bytes)
1678898183.544015 sending message 112 to peer 0x56436badf400 (12 bytes)
1678898183.544020 sending message 112 to peer 0x56436badf400 (12 bytes)
1678898183.544025 sending message 112 to peer 0x56436badf400 (12 bytes)
1678898183.544030 sending message 112 to peer 0x56436badf400 (12 bytes)
1678898183.544035 sending message 112 to peer 0x56436badf400 (21 bytes)
1678898183.544041 sending message 112 to peer 0x56436badf400 (12 bytes)
1678898183.544046 sending message 112 to peer 0x56436badf400 (9 bytes)
1678898183.544051 sending message 112 to peer 0x56436badf400 (6 bytes)
1678898183.544056 sending message 112 to peer 0x56436badf400 (13 bytes)
1678898183.544065 sending message 112 to peer 0x56436badf400 (10 bytes)
1678898183.544070 sending message 112 to peer 0x56436badf400 (24 bytes)
1678898183.544076 sending message 112 to peer 0x56436badf400 (13 bytes)
1678898183.544081 sending message 112 to peer 0x56436badf400 (9 bytes)
1678898183.544086 sending message 112 to peer 0x56436badf400 (70 bytes)
1678898183.544091 sending message 112 to peer 0x56436badf400 (69 bytes)
1678898183.544099 sending message 112 to peer 0x56436badf400 (12 bytes)
1678898183.544107 sending message 112 to peer 0x56436badf400 (10 bytes)
1678898183.544114 sending message 112 to peer 0x56436badf400 (10 bytes)
1678898183.544120 sending message 112 to peer 0x56436badf400 (24 bytes)
1678898183.544127 sending message 112 to peer 0x56436badf400 (13 bytes)
1678898183.544134 sending message 112 to peer 0x56436badf400 (10 bytes)
1678898183.544142 sending message 112 to peer 0x56436badf400 (10 bytes)
1678898183.544155 sending message 112 to peer 0x56436badf400 (10 bytes)
1678898183.544161 sending message 112 to peer 0x56436badf400 (13 bytes)
1678898183.544165 sending message 112 to peer 0x56436badf400 (15 bytes)
1678898183.544173 sending message 112 to peer 0x56436badf400 (5 bytes)
1678898183.544179 sending message 104 to peer 0x56436badf400 (0 bytes)
1678898183.544185 sending message 110 to peer 0x56436badf400 (0 bytes)
1678898183.544191 sending message 107 to peer 0x56436badf400 (4 bytes)
1678898183.544196 sending message 105 to peer 0x56436badf400 (16 bytes)
1678898183.544202 sending message 105 to peer 0x56436badf400 (158 bytes)
1678898183.544207 sending message 105 to peer 0x56436badf400 (19 bytes)
1678898183.544212 sending message 105 to peer 0x56436badf400 (20 bytes)
1678898183.544218 sending message 105 to peer 0x56436badf400 (47 bytes)
1678898183.544223 sending message 105 to peer 0x56436badf400 (58 bytes)
1678898183.544228 sending message 105 to peer 0x56436badf400 (44 bytes)
1678898183.544233 sending message 105 to peer 0x56436badf400 (18 bytes)
1678898183.544238 sending message 105 to peer 0x56436badf400 (41 bytes)
1678898183.544243 sending message 105 to peer 0x56436badf400 (62 bytes)
1678898183.544252 sending message 105 to peer 0x56436badf400 (23 bytes)
1678898183.544257 sending message 105 to peer 0x56436badf400 (57 bytes)
1678898183.544265 sending message 105 to peer 0x56436badf400 (43 bytes)
1678898183.544270 sending message 105 to peer 0x56436badf400 (25 bytes)
1678898183.544275 sending message 105 to peer 0x56436badf400 (28 bytes)
1678898183.544280 sending message 105 to peer 0x56436badf400 (15 bytes)
1678898183.544285 sending message 105 to peer 0x56436badf400 (33 bytes)
1678898183.544291 sending message 105 to peer 0x56436badf400 (18 bytes)
1678898183.544295 sending message 105 to peer 0x56436badf400 (29 bytes)
1678898183.544300 sending message 105 to peer 0x56436badf400 (27 bytes)
1678898183.544305 sending message 105 to peer 0x56436badf400 (21 bytes)
1678898183.544310 sending message 105 to peer 0x56436badf400 (46 bytes)
1678898183.544315 sending message 105 to peer 0x56436badf400 (52 bytes)
1678898183.544320 sending message 105 to peer 0x56436badf400 (39 bytes)
1678898183.544325 sending message 105 to peer 0x56436badf400 (53 bytes)
1678898183.544330 sending message 105 to peer 0x56436badf400 (15 bytes)
1678898183.544335 sending message 105 to peer 0x56436badf400 (21 bytes)
1678898183.544343 sending message 105 to peer 0x56436badf400 (17 bytes)
1678898183.544348 sending message 105 to peer 0x56436badf400 (1519 bytes)
1678898183.544383 sending message 105 to peer 0x56436badf400 (31 bytes)
1678898183.544389 sending message 105 to peer 0x56436badf400 (17 bytes)
1678898183.544394 sending message 105 to peer 0x56436badf400 (22 bytes)
1678898183.544400 sending message 105 to peer 0x56436badf400 (52 bytes)
1678898183.544405 sending message 105 to peer 0x56436badf400 (86 bytes)
1678898183.544411 sending message 105 to peer 0x56436badf400 (48 bytes)
1678898183.544416 sending message 105 to peer 0x56436badf400 (34 bytes)
1678898183.544422 sending message 105 to peer 0x56436badf400 (23 bytes)
1678898183.544427 sending message 105 to peer 0x56436badf400 (20 bytes)
1678898183.544432 sending message 105 to peer 0x56436badf400 (24 bytes)
1678898183.544437 sending message 105 to peer 0x56436badf400 (32 bytes)
1678898183.544442 sending message 105 to peer 0x56436badf400 (15 bytes)
1678898183.544448 sending message 105 to peer 0x56436badf400 (29 bytes)
1678898183.544453 sending message 105 to peer 0x56436badf400 (50 bytes)
1678898183.544458 sending message 105 to peer 0x56436badf400 (35 bytes)
1678898183.544464 sending message 105 to peer 0x56436badf400 (11 bytes)
1678898183.544469 sending message 105 to peer 0x56436badf400 (8 bytes)
1678898183.544474 sending message 105 to peer 0x56436badf400 (56 bytes)
1678898183.544480 sending message 105 to peer 0x56436badf400 (11 bytes)
1678898183.544485 sending message 105 to peer 0x56436badf400 (46 bytes)
1678898183.544491 sending message 105 to peer 0x56436badf400 (18 bytes)
1678898183.544496 sending message 105 to peer 0x56436badf400 (62 bytes)
1678898183.544501 sending message 105 to peer 0x56436badf400 (31 bytes)
1678898183.544506 sending message 105 to peer 0x56436badf400 (30 bytes)
1678898183.544512 sending message 105 to peer 0x56436badf400 (161 bytes)
1678898183.544521 sending message 105 to peer 0x56436badf400 (356 bytes)
1678898183.544527 sending message 105 to peer 0x56436badf400 (20 bytes)
1678898183.544532 sending message 105 to peer 0x56436badf400 (54 bytes)
1678898183.544538 sending message 105 to peer 0x56436badf400 (25 bytes)
1678898183.544543 sending message 105 to peer 0x56436badf400 (40 bytes)
1678898183.544548 sending message 105 to peer 0x56436badf400 (38 bytes)
1678898183.544554 sending message 106 to peer 0x56436badf400 (0 bytes)
1678898183.544623 sending message 200 to peer 0x56436badf400 (4 bytes)
1678898183.544629 client loop enter
1678898183.544661 client_signal: Child exited
1678898183.576463 peer 0x56436badf400 message 207
1678898183.576482 sending message 208 to peer 0x56436badf400 (0 bytes)
1678898196.771161 peer 0x56436badf400 message 203
1678898196.771181 sending message 205 to peer 0x56436badf400 (0 bytes)
1678898196.771619 peer 0x56436badf400 message 204
1678898196.771637 client loop exit
